<?xml version="1.0" encoding="UTF-8"?>
<coverage generated="1553745025726" clover="3.2.0">
  <project timestamp="1553745025726" name="All files">
    <metrics statements="34" coveredstatements="4" conditionals="0" coveredconditionals="0" methods="8" coveredmethods="0" elements="42" coveredelements="4" complexity="0" loc="34" ncloc="34" packages="2" files="5" classes="5">
      <package name="src">
        <metrics statements="1" coveredstatements="1" conditionals="0" coveredconditionals="0" methods="0" coveredmethods="0"/>
        <file name="App.vue" path="D:\work\workspace\java\ymmihw\vue.js\vue-boot-best-practice\frontend\src\App.vue">
          <metrics statements="1" coveredstatements="1" conditionals="0" coveredconditionals="0" methods="0" coveredmethods="0"/>
          <line num="18" count="1" type="stmt"/>
        </file>
      </package>
      <package name="src.components">
        <metrics statements="33" coveredstatements="3" conditionals="0" coveredconditionals="0" methods="8" coveredmethods="0"/>
        <file name="Bootstrap.vue" path="D:\work\workspace\java\ymmihw\vue.js\vue-boot-best-practice\frontend\src\components\Bootstrap.vue">
          <metrics statements="10" coveredstatements="0" conditionals="0" coveredconditionals="0" methods="2" coveredmethods="0"/>
          <line num="48" count="0" type="stmt"/>
          <line num="54" count="0" type="stmt"/>
          <line num="73" count="0" type="stmt"/>
          <line num="76" count="0" type="stmt"/>
          <line num="77" count="0" type="stmt"/>
          <line num="78" count="0" type="stmt"/>
          <line num="79" count="0" type="stmt"/>
          <line num="80" count="0" type="stmt"/>
          <line num="81" count="0" type="stmt"/>
          <line num="84" count="0" type="stmt"/>
        </file>
        <file name="Service.vue" path="D:\work\workspace\java\ymmihw\vue.js\vue-boot-best-practice\frontend\src\components\Service.vue">
          <metrics statements="6" coveredstatements="0" conditionals="0" coveredconditionals="0" methods="2" coveredmethods="0"/>
          <line num="15" count="0" type="stmt"/>
          <line num="21" count="0" type="stmt"/>
          <line num="30" count="0" type="stmt"/>
          <line num="33" count="0" type="stmt"/>
          <line num="34" count="0" type="stmt"/>
          <line num="37" count="0" type="stmt"/>
        </file>
        <file name="User.vue" path="D:\work\workspace\java\ymmihw\vue.js\vue-boot-best-practice\frontend\src\components\User.vue">
          <metrics statements="16" coveredstatements="2" conditionals="0" coveredconditionals="0" methods="4" coveredmethods="0"/>
          <line num="23" count="1" type="stmt"/>
          <line num="29" count="1" type="stmt"/>
          <line num="45" count="0" type="stmt"/>
          <line num="46" count="0" type="stmt"/>
          <line num="47" count="0" type="stmt"/>
          <line num="49" count="0" type="stmt"/>
          <line num="52" count="0" type="stmt"/>
          <line num="53" count="0" type="stmt"/>
          <line num="54" count="0" type="stmt"/>
          <line num="55" count="0" type="stmt"/>
          <line num="58" count="0" type="stmt"/>
          <line num="62" count="0" type="stmt"/>
          <line num="65" count="0" type="stmt"/>
          <line num="66" count="0" type="stmt"/>
          <line num="67" count="0" type="stmt"/>
          <line num="70" count="0" type="stmt"/>
        </file>
        <file name="http-common.js" path="D:\work\workspace\java\ymmihw\vue.js\vue-boot-best-practice\frontend\src\components\http-common.js">
          <metrics statements="1" coveredstatements="1" conditionals="0" coveredconditionals="0" methods="0" coveredmethods="0"/>
          <line num="3" count="1" type="stmt"/>
        </file>
      </package>
    </metrics>
  </project>
</coverage>
